  [1m[35m (266.1ms)[0m  [1m[35mCREATE DATABASE "Homework_development" ENCODING = 'unicode'[0m
  ↳ /Users/erictso/.rvm/gems/ruby-2.5.1/gems/rake-12.3.2/lib/rake/task.rb:273
  [1m[35m (259.0ms)[0m  [1m[35mCREATE DATABASE "Homework_test" ENCODING = 'unicode'[0m
  ↳ /Users/erictso/.rvm/gems/ruby-2.5.1/gems/rake-12.3.2/lib/rake/task.rb:273
  [1m[35m (5.3ms)[0m  [1m[35mCREATE TABLE "schema_migrations" ("version" character varying NOT NULL PRIMARY KEY)[0m
  ↳ /Users/erictso/.rvm/gems/ruby-2.5.1/gems/rake-12.3.2/lib/rake/task.rb:273
  [1m[35m (2.8ms)[0m  [1m[35mCREATE TABLE "ar_internal_metadata" ("key" character varying NOT NULL PRIMARY KEY, "value" character varying, "created_at" timestamp NOT NULL, "updated_at" timestamp NOT NULL)[0m
  ↳ /Users/erictso/.rvm/gems/ruby-2.5.1/gems/rake-12.3.2/lib/rake/task.rb:273
  [1m[35m (0.2ms)[0m  [1m[34mSELECT pg_try_advisory_lock(1632516954070825830)[0m
  ↳ /Users/erictso/.rvm/gems/ruby-2.5.1/gems/rake-12.3.2/lib/rake/task.rb:273
  [1m[35m (0.7ms)[0m  [1m[34mSELECT "schema_migrations"."version" FROM "schema_migrations" ORDER BY "schema_migrations"."version" ASC[0m
  ↳ /Users/erictso/.rvm/gems/ruby-2.5.1/gems/rake-12.3.2/lib/rake/task.rb:273
Migrating to CreateHumanTable (20190123230210)
  [1m[35m (0.1ms)[0m  [1m[35mBEGIN[0m
  ↳ /Users/erictso/.rvm/gems/ruby-2.5.1/gems/rake-12.3.2/lib/rake/task.rb:273
  [1m[35m (3.9ms)[0m  [1m[35mCREATE TABLE "human" ("id" bigserial primary key, "name" character varying NOT NULL, "house_id" character varying NOT NULL, "created_at" timestamp NOT NULL, "updated_at" timestamp NOT NULL)[0m
  ↳ db/migrate/20190123230210_create_human_table.rb:3
  [1m[36mActiveRecord::SchemaMigration Create (0.4ms)[0m  [1m[32mINSERT INTO "schema_migrations" ("version") VALUES ($1) RETURNING "version"[0m  [["version", "20190123230210"]]
  ↳ /Users/erictso/.rvm/gems/ruby-2.5.1/gems/rake-12.3.2/lib/rake/task.rb:273
  [1m[35m (0.4ms)[0m  [1m[35mCOMMIT[0m
  ↳ /Users/erictso/.rvm/gems/ruby-2.5.1/gems/rake-12.3.2/lib/rake/task.rb:273
Migrating to CreateHouseTable (20190123230242)
  [1m[35m (0.2ms)[0m  [1m[35mBEGIN[0m
  ↳ /Users/erictso/.rvm/gems/ruby-2.5.1/gems/rake-12.3.2/lib/rake/task.rb:273
  [1m[35m (2.6ms)[0m  [1m[35mCREATE TABLE "house_tables" ("id" bigserial primary key)[0m
  ↳ db/migrate/20190123230242_create_house_table.rb:3
  [1m[36mActiveRecord::SchemaMigration Create (0.3ms)[0m  [1m[32mINSERT INTO "schema_migrations" ("version") VALUES ($1) RETURNING "version"[0m  [["version", "20190123230242"]]
  ↳ /Users/erictso/.rvm/gems/ruby-2.5.1/gems/rake-12.3.2/lib/rake/task.rb:273
  [1m[35m (0.3ms)[0m  [1m[35mCOMMIT[0m
  ↳ /Users/erictso/.rvm/gems/ruby-2.5.1/gems/rake-12.3.2/lib/rake/task.rb:273
  [1m[36mActiveRecord::InternalMetadata Load (0.5ms)[0m  [1m[34mSELECT  "ar_internal_metadata".* FROM "ar_internal_metadata" WHERE "ar_internal_metadata"."key" = $1 LIMIT $2[0m  [["key", "environment"], ["LIMIT", 1]]
  ↳ /Users/erictso/.rvm/gems/ruby-2.5.1/gems/rake-12.3.2/lib/rake/task.rb:273
  [1m[35m (0.1ms)[0m  [1m[35mBEGIN[0m
  ↳ /Users/erictso/.rvm/gems/ruby-2.5.1/gems/rake-12.3.2/lib/rake/task.rb:273
  [1m[36mActiveRecord::InternalMetadata Create (0.5ms)[0m  [1m[32mINSERT INTO "ar_internal_metadata" ("key", "value", "created_at", "updated_at") VALUES ($1, $2, $3, $4) RETURNING "key"[0m  [["key", "environment"], ["value", "development"], ["created_at", "2019-01-23 23:05:28.265049"], ["updated_at", "2019-01-23 23:05:28.265049"]]
  ↳ /Users/erictso/.rvm/gems/ruby-2.5.1/gems/rake-12.3.2/lib/rake/task.rb:273
  [1m[35m (0.3ms)[0m  [1m[35mCOMMIT[0m
  ↳ /Users/erictso/.rvm/gems/ruby-2.5.1/gems/rake-12.3.2/lib/rake/task.rb:273
  [1m[35m (0.2ms)[0m  [1m[34mSELECT pg_advisory_unlock(1632516954070825830)[0m
  ↳ /Users/erictso/.rvm/gems/ruby-2.5.1/gems/rake-12.3.2/lib/rake/task.rb:273
  [1m[35m (0.3ms)[0m  [1m[34mSELECT "schema_migrations"."version" FROM "schema_migrations" ORDER BY "schema_migrations"."version" ASC[0m
  ↳ /Users/erictso/.rvm/gems/ruby-2.5.1/gems/rake-12.3.2/lib/rake/task.rb:273
  [1m[35m (0.5ms)[0m  [1m[35mCREATE DATABASE "Homework_development" ENCODING = 'unicode'[0m
  ↳ /Users/erictso/.rvm/gems/ruby-2.5.1/gems/rake-12.3.2/lib/rake/task.rb:273
  [1m[35m (1.2ms)[0m  [1m[35mCREATE DATABASE "Homework_test" ENCODING = 'unicode'[0m
  ↳ /Users/erictso/.rvm/gems/ruby-2.5.1/gems/rake-12.3.2/lib/rake/task.rb:273
  [1m[35m (0.7ms)[0m  [1m[34mSELECT pg_try_advisory_lock(1632516954070825830)[0m
  ↳ /Users/erictso/.rvm/gems/ruby-2.5.1/gems/rake-12.3.2/lib/rake/task.rb:273
  [1m[35m (1.1ms)[0m  [1m[34mSELECT "schema_migrations"."version" FROM "schema_migrations" ORDER BY "schema_migrations"."version" ASC[0m
  ↳ /Users/erictso/.rvm/gems/ruby-2.5.1/gems/rake-12.3.2/lib/rake/task.rb:273
  [1m[36mActiveRecord::InternalMetadata Load (0.6ms)[0m  [1m[34mSELECT  "ar_internal_metadata".* FROM "ar_internal_metadata" WHERE "ar_internal_metadata"."key" = $1 LIMIT $2[0m  [["key", "environment"], ["LIMIT", 1]]
  ↳ /Users/erictso/.rvm/gems/ruby-2.5.1/gems/rake-12.3.2/lib/rake/task.rb:273
  [1m[35m (0.2ms)[0m  [1m[35mBEGIN[0m
  ↳ /Users/erictso/.rvm/gems/ruby-2.5.1/gems/rake-12.3.2/lib/rake/task.rb:273
  [1m[35m (0.1ms)[0m  [1m[35mCOMMIT[0m
  ↳ /Users/erictso/.rvm/gems/ruby-2.5.1/gems/rake-12.3.2/lib/rake/task.rb:273
  [1m[35m (0.2ms)[0m  [1m[34mSELECT pg_advisory_unlock(1632516954070825830)[0m
  ↳ /Users/erictso/.rvm/gems/ruby-2.5.1/gems/rake-12.3.2/lib/rake/task.rb:273
  [1m[35m (0.3ms)[0m  [1m[34mSELECT "schema_migrations"."version" FROM "schema_migrations" ORDER BY "schema_migrations"."version" ASC[0m
  ↳ /Users/erictso/.rvm/gems/ruby-2.5.1/gems/rake-12.3.2/lib/rake/task.rb:273
  [1m[35m (0.3ms)[0m  [1m[34mSELECT pg_try_advisory_lock(1632516954070825830)[0m
  ↳ /Users/erictso/.rvm/gems/ruby-2.5.1/gems/rake-12.3.2/lib/rake/task.rb:273
  [1m[35m (1.4ms)[0m  [1m[34mSELECT "schema_migrations"."version" FROM "schema_migrations" ORDER BY "schema_migrations"."version" ASC[0m
  ↳ /Users/erictso/.rvm/gems/ruby-2.5.1/gems/rake-12.3.2/lib/rake/task.rb:273
Migrating to AddAddressToHouse (20190123231532)
  [1m[35m (0.6ms)[0m  [1m[35mBEGIN[0m
  ↳ /Users/erictso/.rvm/gems/ruby-2.5.1/gems/rake-12.3.2/lib/rake/task.rb:273
  [1m[35m (0.9ms)[0m  [1m[35mALTER TABLE "house" ADD "address" character varying[0m
  ↳ db/migrate/20190123231532_add_address_to_house.rb:3
  [1m[35m (0.1ms)[0m  [1m[31mROLLBACK[0m
  ↳ /Users/erictso/.rvm/gems/ruby-2.5.1/gems/rake-12.3.2/lib/rake/task.rb:273
  [1m[35m (0.4ms)[0m  [1m[34mSELECT pg_advisory_unlock(1632516954070825830)[0m
  ↳ /Users/erictso/.rvm/gems/ruby-2.5.1/gems/rake-12.3.2/lib/rake/task.rb:273
  [1m[35m (0.3ms)[0m  [1m[34mSELECT pg_try_advisory_lock(1632516954070825830)[0m
  ↳ /Users/erictso/.rvm/gems/ruby-2.5.1/gems/rake-12.3.2/lib/rake/task.rb:273
  [1m[35m (1.3ms)[0m  [1m[34mSELECT "schema_migrations"."version" FROM "schema_migrations" ORDER BY "schema_migrations"."version" ASC[0m
  ↳ /Users/erictso/.rvm/gems/ruby-2.5.1/gems/rake-12.3.2/lib/rake/task.rb:273
Migrating to AddAddressToHouse (20190123231532)
  [1m[35m (0.3ms)[0m  [1m[35mBEGIN[0m
  ↳ /Users/erictso/.rvm/gems/ruby-2.5.1/gems/rake-12.3.2/lib/rake/task.rb:273
  [1m[35m (1.8ms)[0m  [1m[35mALTER TABLE "house" ADD "address" character varying[0m
  ↳ db/migrate/20190123231532_add_address_to_house.rb:3
  [1m[35m (0.1ms)[0m  [1m[31mROLLBACK[0m
  ↳ /Users/erictso/.rvm/gems/ruby-2.5.1/gems/rake-12.3.2/lib/rake/task.rb:273
  [1m[35m (0.4ms)[0m  [1m[34mSELECT pg_advisory_unlock(1632516954070825830)[0m
  ↳ /Users/erictso/.rvm/gems/ruby-2.5.1/gems/rake-12.3.2/lib/rake/task.rb:273
  [1m[35m (0.3ms)[0m  [1m[34mSELECT pg_try_advisory_lock(1632516954070825830)[0m
  ↳ /Users/erictso/.rvm/gems/ruby-2.5.1/gems/rake-12.3.2/lib/rake/task.rb:273
  [1m[35m (1.1ms)[0m  [1m[34mSELECT "schema_migrations"."version" FROM "schema_migrations" ORDER BY "schema_migrations"."version" ASC[0m
  ↳ /Users/erictso/.rvm/gems/ruby-2.5.1/gems/rake-12.3.2/lib/rake/task.rb:273
Migrating to AddAddressToHouse (20190123231532)
  [1m[35m (0.2ms)[0m  [1m[35mBEGIN[0m
  ↳ /Users/erictso/.rvm/gems/ruby-2.5.1/gems/rake-12.3.2/lib/rake/task.rb:273
  [1m[35m (27.7ms)[0m  [1m[35mCREATE TABLE "house" ("id" bigserial primary key, "address" character varying NOT NULL)[0m
  ↳ db/migrate/20190123231532_add_address_to_house.rb:3
  [1m[36mActiveRecord::SchemaMigration Create (0.5ms)[0m  [1m[32mINSERT INTO "schema_migrations" ("version") VALUES ($1) RETURNING "version"[0m  [["version", "20190123231532"]]
  ↳ /Users/erictso/.rvm/gems/ruby-2.5.1/gems/rake-12.3.2/lib/rake/task.rb:273
  [1m[35m (0.5ms)[0m  [1m[35mCOMMIT[0m
  ↳ /Users/erictso/.rvm/gems/ruby-2.5.1/gems/rake-12.3.2/lib/rake/task.rb:273
  [1m[36mActiveRecord::InternalMetadata Load (0.5ms)[0m  [1m[34mSELECT  "ar_internal_metadata".* FROM "ar_internal_metadata" WHERE "ar_internal_metadata"."key" = $1 LIMIT $2[0m  [["key", "environment"], ["LIMIT", 1]]
  ↳ /Users/erictso/.rvm/gems/ruby-2.5.1/gems/rake-12.3.2/lib/rake/task.rb:273
  [1m[35m (0.2ms)[0m  [1m[35mBEGIN[0m
  ↳ /Users/erictso/.rvm/gems/ruby-2.5.1/gems/rake-12.3.2/lib/rake/task.rb:273
  [1m[35m (0.1ms)[0m  [1m[35mCOMMIT[0m
  ↳ /Users/erictso/.rvm/gems/ruby-2.5.1/gems/rake-12.3.2/lib/rake/task.rb:273
  [1m[35m (0.2ms)[0m  [1m[34mSELECT pg_advisory_unlock(1632516954070825830)[0m
  ↳ /Users/erictso/.rvm/gems/ruby-2.5.1/gems/rake-12.3.2/lib/rake/task.rb:273
  [1m[35m (0.3ms)[0m  [1m[34mSELECT "schema_migrations"."version" FROM "schema_migrations" ORDER BY "schema_migrations"."version" ASC[0m
  ↳ /Users/erictso/.rvm/gems/ruby-2.5.1/gems/rake-12.3.2/lib/rake/task.rb:273
  [1m[35m (0.3ms)[0m  [1m[34mSELECT pg_try_advisory_lock(1632516954070825830)[0m
  ↳ /Users/erictso/.rvm/gems/ruby-2.5.1/gems/rake-12.3.2/lib/rake/task.rb:273
  [1m[35m (35.7ms)[0m  [1m[34mSELECT "schema_migrations"."version" FROM "schema_migrations" ORDER BY "schema_migrations"."version" ASC[0m
  ↳ /Users/erictso/.rvm/gems/ruby-2.5.1/gems/rake-12.3.2/lib/rake/task.rb:273
  [1m[36mActiveRecord::InternalMetadata Load (0.7ms)[0m  [1m[34mSELECT  "ar_internal_metadata".* FROM "ar_internal_metadata" WHERE "ar_internal_metadata"."key" = $1 LIMIT $2[0m  [["key", "environment"], ["LIMIT", 1]]
  ↳ /Users/erictso/.rvm/gems/ruby-2.5.1/gems/rake-12.3.2/lib/rake/task.rb:273
  [1m[35m (0.2ms)[0m  [1m[35mBEGIN[0m
  ↳ /Users/erictso/.rvm/gems/ruby-2.5.1/gems/rake-12.3.2/lib/rake/task.rb:273
  [1m[35m (0.4ms)[0m  [1m[35mCOMMIT[0m
  ↳ /Users/erictso/.rvm/gems/ruby-2.5.1/gems/rake-12.3.2/lib/rake/task.rb:273
  [1m[35m (0.3ms)[0m  [1m[34mSELECT pg_advisory_unlock(1632516954070825830)[0m
  ↳ /Users/erictso/.rvm/gems/ruby-2.5.1/gems/rake-12.3.2/lib/rake/task.rb:273
  [1m[35m (11.4ms)[0m  [1m[34mSELECT "schema_migrations"."version" FROM "schema_migrations" ORDER BY "schema_migrations"."version" ASC[0m
  ↳ /Users/erictso/.rvm/gems/ruby-2.5.1/gems/rake-12.3.2/lib/rake/task.rb:273
